[03:12:37] [main/INFO]: Loading Minecraft 1.21.1 with Fabric Loader 0.16.3
[03:12:38] [main/INFO]: Loading 13 mods:
	- cloth-config 15.0.140
	   \-- cloth-basic-math 0.6.1
	- fabricloader 0.16.3
	   \-- mixinextras 0.4.1
	- java 21
	- minecraft 1.21.1
	- sound_physics_remastered 1.21.1-1.4.8
	- voicechat 1.21.1-2.5.28
	   |-- fabric-api-base 0.4.42+6573ed8c6a
	   |-- fabric-command-api-v2 2.2.28+6ced4dd96a
	   |-- fabric-key-binding-api-v1 1.0.47+0af3f5a76a
	   |-- fabric-lifecycle-events-v1 2.3.12+6c1df3606a
	   |-- fabric-networking-api-v1 4.2.2+60c3209b6a
	   \-- fabric-resource-loader-v0 1.3.0+565991296a
[03:12:38] [main/INFO]: SpongePowered MIXIN Subsystem Version=0.8.7 Source=file:/workspaces/ServerConMods/servidor_minecraft/libraries/net/fabricmc/sponge-mixin/0.15.2+mixin.0.8.7/sponge-mixin-0.15.2+mixin.0.8.7.jar Service=Knot/Fabric Env=SERVER
[03:12:38] [main/INFO]: Compatibility level set to JAVA_17
[03:12:39] [main/INFO]: Initializing MixinExtras via com.llamalad7.mixinextras.service.MixinExtrasServiceImpl(version=0.4.1).
[03:12:49] [main/INFO]: [voicechat] Compatibility version 18
[03:12:49] [main/INFO]: [voicechat] Loading plugins
[03:12:49] [main/INFO]: [voicechat] Loaded 1 plugin(s)
[03:12:49] [main/INFO]: [voicechat] Initializing plugins
[03:12:49] [main/INFO]: Initializing Simple Voice Chat integration
[03:12:49] [main/INFO]: [voicechat] Initialized 1 plugin(s)
[03:12:49] [main/INFO]: [voicechat] Registering events for 'sound_physics_remastered'
[03:12:49] [main/INFO]: Environment: Environment[sessionHost=https://sessionserver.mojang.com, servicesHost=https://api.minecraftservices.com, name=PROD]
[03:12:52] [main/INFO]: Loaded 1290 recipes
[03:12:52] [main/INFO]: Loaded 1399 advancements
[03:12:53] [Server thread/INFO]: Starting minecraft server version 1.21.1
[03:12:53] [Server thread/INFO]: Loading properties
[03:12:53] [Server thread/INFO]: Default game type: SURVIVAL
[03:12:53] [Server thread/INFO]: Generating keypair
[03:12:53] [Server thread/INFO]: Starting Minecraft server on *:25565
[03:12:53] [Server thread/INFO]: Using epoll channel type
[03:12:53] [Server thread/WARN]: **** SERVER IS RUNNING IN OFFLINE/INSECURE MODE!
[03:12:53] [Server thread/WARN]: The server will make no attempt to authenticate usernames. Beware.
[03:12:53] [Server thread/WARN]: While this makes the game possible to play without internet access, it also opens up the ability for hackers to connect with any username they choose.
[03:12:53] [Server thread/WARN]: To change this, set "online-mode" to "true" in the server.properties file.
[03:12:53] [Server thread/INFO]: Preparing level "world"
[03:13:02] [Server thread/INFO]: Preparing start region for dimension minecraft:overworld
[03:13:03] [Worker-Main-1/INFO]: Preparing spawn area: 0%
[03:13:03] [Worker-Main-1/INFO]: Preparing spawn area: 0%
[03:13:03] [Server thread/INFO]: Time elapsed: 862 ms
[03:13:03] [Server thread/INFO]: Done (9.446s)! For help, type "help"
[03:13:03] [Server thread/WARN]: [voicechat] Running in offline mode - Voice chat encryption is not secure!
[03:13:03] [VoiceChatServerThread/INFO]: [voicechat] Voice chat server started at port 24454
[03:13:18] [Server thread/INFO]: hontaryu[/127.235.186.1:40305] logged in with entity id 36 at (-86.30000001192093, 86.0, -53.903763249000264)
[03:13:18] [Server thread/INFO]: hontaryu joined the game
[03:13:18] [Server thread/INFO]: [voicechat] Received secret request of hontaryu (18)
[03:13:18] [Server thread/INFO]: [voicechat] Sent secret to hontaryu
[03:13:20] [Server thread/INFO]: iandestroyer123[/127.6.37.193:41275] logged in with entity id 150 at (-79.70704894818122, 85.0, -53.48307518415614)
[03:13:20] [Server thread/INFO]: iandestroyer123 joined the game
[03:13:21] [Server thread/INFO]: [voicechat] Received secret request of iandestroyer123 (18)
[03:13:21] [Server thread/INFO]: [voicechat] Sent secret to iandestroyer123
[03:15:32] [Server thread/INFO]: [hontaryu: Made iandestroyer123 a server operator]
[03:19:11] [Server thread/INFO]: Stopping the server
[03:19:11] [Server thread/INFO]: Stopping server
[03:19:11] [Server thread/INFO]: Saving players
[03:19:12] [Server thread/INFO]: Saving worlds
[03:19:13] [Server thread/INFO]: Saving chunks for level 'ServerLevel[world]'/minecraft:overworld
[03:19:13] [Server thread/INFO]: Saving chunks for level 'ServerLevel[world]'/minecraft:the_nether
[03:19:13] [Server thread/INFO]: Saving chunks for level 'ServerLevel[world]'/minecraft:the_end
[03:19:13] [Server thread/INFO]: ThreadedAnvilChunkStorage (world): All chunks are saved
[03:19:13] [Server thread/INFO]: ThreadedAnvilChunkStorage (DIM-1): All chunks are saved
[03:19:13] [Server thread/INFO]: ThreadedAnvilChunkStorage (DIM1): All chunks are saved
[03:19:13] [Server thread/INFO]: ThreadedAnvilChunkStorage: All dimensions are saved
